<?xml version="1.0" encoding="UTF-8"?>
<robot generator="Robot 4.1 (Python 3.6.5 on win32)" generated="20210905 03:18:32.559" rpa="false" schemaversion="2">
<suite id="s1" name="ClashRoyale" source="C:\Users\Alisson Gustavo\Documents\projeto-robot-web\ClashRoyale.robot">
<test id="s1-t1" name="Test Case 01: Open Page">
<kw name="Go to clashroyale page" library="ResourceClashRoyale">
<kw name="Open Browser" library="SeleniumLibrary">
<arg>url=${URL}</arg>
<arg>browser=${BROWSER}</arg>
<doc>Opens a new browser instance to the optional ``url``.</doc>
<msg timestamp="20210905 03:18:32.790" level="INFO">Opening browser 'chrome' to base url 'https://developer.clashroyale.com/'.</msg>
<status status="PASS" starttime="20210905 03:18:32.790" endtime="20210905 03:18:42.370"/>
</kw>
<kw name="Title Should Be" library="SeleniumLibrary">
<arg>Clash Royale API</arg>
<doc>Verifies that the current page title equals ``title``.</doc>
<msg timestamp="20210905 03:18:42.376" level="INFO">Page title is 'Clash Royale API'.</msg>
<status status="PASS" starttime="20210905 03:18:42.370" endtime="20210905 03:18:42.376"/>
</kw>
<kw name="Maximize Browser Window" library="SeleniumLibrary">
<doc>Maximizes current browser window.</doc>
<status status="PASS" starttime="20210905 03:18:42.376" endtime="20210905 03:18:42.490"/>
</kw>
<status status="PASS" starttime="20210905 03:18:32.789" endtime="20210905 03:18:42.490"/>
</kw>
<status status="PASS" starttime="20210905 03:18:32.788" endtime="20210905 03:18:42.490"/>
</test>
<test id="s1-t2" name="Test Case 02: Login">
<kw name="Click login" library="ResourceClashRoyale">
<kw name="Click Link" library="SeleniumLibrary">
<arg>${LINK_LOGIN}</arg>
<doc>Clicks a link identified by ``locator``.</doc>
<msg timestamp="20210905 03:18:42.494" level="INFO">Clicking link 'xpath=//div[@class="hidden-xs hidden-sm col-md-4"]/div/a[2]'.</msg>
<status status="PASS" starttime="20210905 03:18:42.493" endtime="20210905 03:18:42.582"/>
</kw>
<status status="PASS" starttime="20210905 03:18:42.492" endtime="20210905 03:18:42.582"/>
</kw>
<kw name="Login Email User with &quot;gustavoalisson112@gmail.com&quot;" library="ResourceClashRoyale" sourcename="Login Email User with &quot;${EMAIL}&quot;">
<kw name="Click Element" library="SeleniumLibrary">
<arg>${INPUT_USERNAME}</arg>
<doc>Click the element identified by ``locator``.</doc>
<msg timestamp="20210905 03:18:42.585" level="INFO">Clicking element 'xpath=//*[@id="email"]'.</msg>
<status status="PASS" starttime="20210905 03:18:42.584" endtime="20210905 03:18:42.655"/>
</kw>
<kw name="Input Text" library="SeleniumLibrary">
<arg>${INPUT_USERNAME}</arg>
<arg>${EMAIL}</arg>
<doc>Types the given ``text`` into the text field identified by ``locator``.</doc>
<msg timestamp="20210905 03:18:42.656" level="INFO">Typing text 'gustavoalisson112@gmail.com' into text field 'xpath=//*[@id="email"]'.</msg>
<status status="PASS" starttime="20210905 03:18:42.655" endtime="20210905 03:18:42.791"/>
</kw>
<status status="PASS" starttime="20210905 03:18:42.583" endtime="20210905 03:18:42.791"/>
</kw>
<kw name="Password User user with &quot;Guga2019@&quot;" library="ResourceClashRoyale" sourcename="Password User user with &quot;${PASSWORD}&quot;">
<kw name="Click Element" library="SeleniumLibrary">
<arg>${INPUT_PASSWORD}</arg>
<doc>Click the element identified by ``locator``.</doc>
<msg timestamp="20210905 03:18:42.792" level="INFO">Clicking element 'xpath=//*[@id="password"]'.</msg>
<status status="PASS" starttime="20210905 03:18:42.792" endtime="20210905 03:18:42.856"/>
</kw>
<kw name="Input Text" library="SeleniumLibrary">
<arg>${INPUT_PASSWORD}</arg>
<arg>${PASSWORD}</arg>
<doc>Types the given ``text`` into the text field identified by ``locator``.</doc>
<msg timestamp="20210905 03:18:42.857" level="INFO">Typing text 'Guga2019@' into text field 'xpath=//*[@id="password"]'.</msg>
<status status="PASS" starttime="20210905 03:18:42.857" endtime="20210905 03:18:42.924"/>
</kw>
<status status="PASS" starttime="20210905 03:18:42.791" endtime="20210905 03:18:42.924"/>
</kw>
<kw name="Click Button Login" library="ResourceClashRoyale">
<kw name="Click Button" library="SeleniumLibrary">
<arg>${BUTTON_LOGIN}</arg>
<doc>Clicks the button identified by ``locator``.</doc>
<msg timestamp="20210905 03:18:42.925" level="INFO">Clicking button 'xpath=//*[@class="ladda-button btn btn-primary btn-lg"]'.</msg>
<status status="PASS" starttime="20210905 03:18:42.925" endtime="20210905 03:18:42.999"/>
</kw>
<status status="PASS" starttime="20210905 03:18:42.924" endtime="20210905 03:18:42.999"/>
</kw>
<status status="PASS" starttime="20210905 03:18:42.492" endtime="20210905 03:18:43.000"/>
</test>
<status status="PASS" starttime="20210905 03:18:32.561" endtime="20210905 03:18:43.006"/>
</suite>
<statistics>
<total>
<stat pass="2" fail="0" skip="0">All Tests</stat>
</total>
<tag>
</tag>
<suite>
<stat pass="2" fail="0" skip="0" id="s1" name="ClashRoyale">ClashRoyale</stat>
</suite>
</statistics>
<errors>
</errors>
</robot>
