<?xml version="1.0" encoding="UTF-8"?>
<robot generator="Robot 4.1 (Python 3.6.5 on win32)" generated="20210906 17:23:40.486" rpa="false" schemaversion="2">
<suite id="s1" name="BearerAythenticationClash" source="C:\Users\Alisson Gustavo\Documents\project-clashroyale-primecontrol\project-main-clashroyale\BearerAythenticationClash.robot">
<test id="s1-t1" name="BearerAuthTest">
<kw name="Connect with authentication in API ClashRoyale">
<kw name="Create Session" library="RequestsLibrary">
<arg>my_json</arg>
<arg>url=https://api.clashroyale.com/v1/</arg>
<doc>Create Session: create a HTTP session to a server</doc>
<msg timestamp="20210906 17:23:40.630" level="INFO">Creating Session using : alias=my_json, url=https://api.clashroyale.com/v1/, headers={},                     cookies={}, auth=None, timeout=None, proxies=None, verify=False,                     debug=0 </msg>
<status status="PASS" starttime="20210906 17:23:40.629" endtime="20210906 17:23:40.630"/>
</kw>
<kw name="Log" library="BuiltIn">
<arg>${BEARER_TOKEN}</arg>
<doc>Logs the given message with the given level.</doc>
<msg timestamp="20210906 17:23:40.630" level="INFO">{'Authorization': 'Bearer eyJ0eXAiOiJKV1QiLCJhbGciOiJIUzUxMiIsImtpZCI6IjI4YTMxOGY3LTAwMDAtYTFlYi03ZmExLTJjNzQzM2M2Y2NhNSJ9.eyJpc3MiOiJzdXBlcmNlbGwiLCJhdWQiOiJzdXBlcmNlbGw6Z2FtZWFwaSIsImp0aSI6ImI4NmI5Yjc2LTJkYzEtNDM1My1hOGM4LTkzOWQwNDlhOGJlYSIsImlhdCI6MTYzMDkzODQ4OCwic3ViIjoiZGV2ZWxvcGVyL2QxZDI5YjJlLTI1NzEtNDZkOS1hMjQzLTA2MTU1ZGE5MjcyOCIsInNjb3BlcyI6WyJyb3lhbGUiXSwibGltaXRzIjpbeyJ0aWVyIjoiZGV2ZWxvcGVyL3NpbHZlciIsInR5cGUiOiJ0aHJvdHRsaW5nIn0seyJjaWRycyI6WyIyMDEuMTgyLjE3NC4xMjMiXSwidHlwZSI6ImNsaWVudCJ9XX0.hi-wFVVbhjv0o9hpMDe1z7sF7PuafOaCu2vNqjpt4ARbKdJCDwHpGT8JNeM4zRgg0Iq6z-E8x6pejYY1S6ZlQA'}</msg>
<status status="PASS" starttime="20210906 17:23:40.630" endtime="20210906 17:23:40.630"/>
</kw>
<kw name="Get On Session" library="RequestsLibrary">
<var>${RESPONSE}</var>
<arg>my_json</arg>
<arg>url=https://api.clashroyale.com/v1/clans?name=The%20Resistance</arg>
<arg>headers=${BEARER_TOKEN}</arg>
<doc>Sends a GET request on a previously created HTTP Session.</doc>
<msg timestamp="20210906 17:23:41.840" level="INFO">GET Request : url=https://api.clashroyale.com/v1/clans?name=The%20Resistance 
 path_url=/v1/clans?name=The%20Resistance 
 headers={'User-Agent': 'python-requests/2.25.1', 'Accept-Encoding': 'gzip, deflate', 'Accept': '*/*', 'Connection': 'keep-alive', 'Authorization': 'Bearer eyJ0eXAiOiJKV1QiLCJhbGciOiJIUzUxMiIsImtpZCI6IjI4YTMxOGY3LTAwMDAtYTFlYi03ZmExLTJjNzQzM2M2Y2NhNSJ9.eyJpc3MiOiJzdXBlcmNlbGwiLCJhdWQiOiJzdXBlcmNlbGw6Z2FtZWFwaSIsImp0aSI6ImI4NmI5Yjc2LTJkYzEtNDM1My1hOGM4LTkzOWQwNDlhOGJlYSIsImlhdCI6MTYzMDkzODQ4OCwic3ViIjoiZGV2ZWxvcGVyL2QxZDI5YjJlLTI1NzEtNDZkOS1hMjQzLTA2MTU1ZGE5MjcyOCIsInNjb3BlcyI6WyJyb3lhbGUiXSwibGltaXRzIjpbeyJ0aWVyIjoiZGV2ZWxvcGVyL3NpbHZlciIsInR5cGUiOiJ0aHJvdHRsaW5nIn0seyJjaWRycyI6WyIyMDEuMTgyLjE3NC4xMjMiXSwidHlwZSI6ImNsaWVudCJ9XX0.hi-wFVVbhjv0o9hpMDe1z7sF7PuafOaCu2vNqjpt4ARbKdJCDwHpGT8JNeM4zRgg0Iq6z-E8x6pejYY1S6ZlQA'} 
 body=None 
 </msg>
<msg timestamp="20210906 17:23:41.840" level="INFO">GET Response : url=https://api.clashroyale.com/v1/clans?name=The%20Resistance 
 status=200, reason=OK 
 headers={'Date': 'Mon, 06 Sep 2021 20:24:15 GMT', 'Content-Type': 'application/json; charset=utf-8', 'Transfer-Encoding': 'chunked', 'Connection': 'keep-alive', 'X-Content-Type-Options': 'nosniff', 'Strict-Transport-Security': 'max-age=43200', 'Cache-Control': 'max-age=60', 'Content-Encoding': 'gzip'} 
 body={"items":[{"tag":"#LP8PG0QC","name":"The resistance","type":"open","badgeId":16000028,"clanScore":50632,"clanWarTrophies":1472,"location":{"id":57000055,"name":"Chile","isCountry":true,"countryCode":"CL"},"requiredTrophies":3600,"donationsPerWeek":1646,"clanChestLevel":1,"clanChestMaxLevel":0,"members":50},{"tag":"#9V2YV8YJ","name":"The resistance","type":"open","badgeId":16000142,"clanScore":55618,"clanWarTrophies":3405,"location":{"id":57000038,"name":"Brazil","isCountry":true,"countryCode":"BR"},"requiredTrophies":5300,"donationsPerWeek":1860,"clanChestLevel":1,"clanChestMaxLevel":0,"members":47},{"tag":"#L809LLJ8","name":"The resistance","type":"inviteOnly","badgeId":16000142,"clanScore":53240,"clanWarTrophies":1950,"location":{"id":57000067,"name":"Cuba","isCountry":true,"countryCode":"CU"},"requiredTrophies":5300,"donationsPerWeek":1825,"clanChestLevel":1,"clanChestMaxLevel":0,"members":46},{"tag":"#P89Q90QU","name":"The Resistance","type":"open","badgeId":16000010,"clanScore":51599,"clanWarTrophies":1547,"location":{"id":57000249,"name":"United States","isCountry":true,"countryCode":"US"},"requiredTrophies":4000,"donationsPerWeek":972,"clanChestLevel":1,"clanChestMaxLevel":0,"members":44},{"tag":"#Y2RVVG9L","name":"The Resistance","type":"open","badgeId":16000006,"clanScore":2482,"clanWarTrophies":78,"location":{"id":57000248,"name":"United Kingdom","isCountry":true,"countryCode":"GB"},"requiredTrophies":1000,"donationsPerWeek":0,"clanChestLevel":1,"clanChestMaxLevel":0,"members":3},{"tag":"#PCR8R9RC","name":"The Resistance","type":"open","badgeId":16000077,"clanScore":32334,"clanWarTrophies":1161,"location":{"id":57000249,"name":"United States","isCountry":true,"countryCode":"US"},"requiredTrophies":4000,"donationsPerWeek":20,"clanChestLevel":1,"clanChestMaxLevel":0,"members":17},{"tag":"#QYRR08G0","name":"The Resistance","type":"open","badgeId":16000122,"clanScore":14900,"clanWarTrophies":0,"location":{"id":57000108,"name":"Heard &amp; McDonald Islands","isCountry":true,"countryCode":"HM"},"requiredTrophies":0,"donationsPerWeek":28,"clanChestLevel":1,"clanChestMaxLevel":0,"members":6},{"tag":"#9J0JL2QV","name":"The Resistance","type":"open","badgeId":16000163,"clanScore":51012,"clanWarTrophies":1680,"location":{"id":57000249,"name":"United States","isCountry":true,"countryCode":"US"},"requiredTrophies":3300,"donationsPerWeek":580,"clanChestLevel":1,"clanChestMaxLevel":0,"members":49},{"tag":"#QRP0Y0L0","name":"The Resistance","type":"open","badgeId":16000046,"clanScore":31856,"clanWarTrophies":155,"location":{"id":57000006,"name":"International","isCountry":false},"requiredTrophies":0,"donationsPerWeek":86,"clanChestLevel":1,"clanChestMaxLevel":0,"members":22},{"tag":"#29R8022J","name":"The Resistance","type":"open","badgeId":16000007,"clanScore":20714,"clanWarTrophies":1374,"location":{"id":57000249,"name":"United States","isCountry":true,"countryCode":"US"},"requiredTrophies":0,"donationsPerWeek":19,"clanChestLevel":1,"clanChestMaxLevel":0,"members":50},{"tag":"#L2000PUR","name":"The Resistance","type":"inviteOnly","badgeId":16000004,"clanScore":2041,"clanWarTrophies":0,"location":{"id":57000006,"name":"International","isCountry":false},"requiredTrophies":0,"donationsPerWeek":10,"clanChestLevel":1,"clanChestMaxLevel":0,"members":3},{"tag":"#8P22YL0V","name":"The Resistance","type":"open","badgeId":16000163,"clanScore":21352,"clanWarTrophies":1036,"location":{"id":57000102,"name":"Guatemala","isCountry":true,"countryCode":"GT"},"requiredTrophies":2300,"donationsPerWeek":10,"clanChestLevel":1,"clanChestMaxLevel":0,"members":11},{"tag":"#JJQVV0","name":"The Resistance","type":"inviteOnly","badgeId":16000029,"clanScore":20078,"clanWarTrophies":886,"location":{"id":57000249,"name":"United States","isCountry":true,"countryCode":"US"},"requiredTrophies":300,"donationsPerWeek":68,"clanChestLevel":1,"clanChestMaxLevel":0,"members":10},{"tag":"#Y9VUV2UY","name":"ThE Resistance","type":"open","badgeId":16000024,"clanScore":15665,"clanWarTrophies":352,"location":{"id":57000006,"name":"International","isCountry":false},"requiredTrophies":0,"donationsPerWeek":0,"clanChestLevel":1,"clanChestMaxLevel":0,"members":10},{"tag":"#P9Y0G20","name":"the Resistance","type":"open","badgeId":16000003,"clanScore":9087,"clanWarTrophies":110,"location":{"id":57000001,"name":"North America","isCountry":false},"requiredTrophies":600,"donationsPerWeek":0,"clanChestLevel":1,"clanChestMaxLevel":0,"members":9},{"tag":"#J0JVP","name":"The Resistance","type":"open","badgeId":16000028,"clanScore":50406,"clanWarTrophies":2800,"location":{"id":57000001,"name":"North America","isCountry":false},"requiredTrophies":4000,"donationsPerWeek":410,"clanChestLevel":1,"clanChestMaxLevel":0,"members":37},{"tag":"#20YV20CR","name":"The resistance","type":"open","badgeId":16000139,"clanScore":49982,"clanWarTrophies":1560,"location":{"id":57000047,"name":"Canada","isCountry":true,"countryCode":"CA"},"requiredTrophies":2300,"donationsPerWeek":671,"clanChestLevel":1,"clanChestMaxLevel":0,"members":50},{"tag":"#8VQRUGYU","name":"the resistance","type":"open","badgeId":16000061,"clanScore":20370,"clanWarTrophies":604,"location":{"id":57000248,"name":"United Kingdom","isCountry":true,"countryCode":"GB"},"requiredTrophies":0,"donationsPerWeek":142,"clanChestLevel":1,"clanChestMaxLevel":0,"members":50},{"tag":"#2R0JJVRP","name":"The Resistance","type":"open","badgeId":16000093,"clanScore":49359,"clanWarTrophies":1380,"location":{"id":57000248,"name":"United Kingdom","isCountry":true,"countryCode":"GB"},"requiredTrophies":4600,"donationsPerWeek":610,"clanChestLevel":1,"clanChestMaxLevel":0,"members":42},{"tag":"#8Y9Q9CL","name":"The Resistance","type":"inviteOnly","badgeId":16000029,"clanScore":11127,"clanWarTrophies":265,"location":{"id":57000001,"name":"North America","isCountry":false},"requiredTrophies":0,"donationsPerWeek":0,"clanChestLevel":1,"clanChestMaxLevel":0,"members":10},{"tag":"#9V0R2VV","name":"The Resistance","type":"inviteOnly","badgeId":16000003,"clanScore":11044,"clanWarTrophies":98,"location":{"id":57000249,"name":"United States","isCountry":true,"countryCode":"US"},"requiredTrophies":0,"donationsPerWeek":0,"clanChestLevel":1,"clanChestMaxLevel":0,"members":22},{"tag":"#L0LVR8","name":"The Resistance","type":"open","badgeId":16000044,"clanScore":10861,"clanWarTrophies":301,"location":{"id":57000176,"name":"Norway","isCountry":true,"countryCode":"NO"},"requiredTrophies":800,"donationsPerWeek":0,"clanChestLevel":1,"clanChestMaxLevel":0,"members":30},{"tag":"#90UVQ2QL","name":"the resistance","type":"open","badgeId":16000058,"clanScore":7411,"clanWarTrophies":625,"location":{"id":57000038,"name":"Brazil","isCountry":true,"countryCode":"BR"},"requiredTrophies":0,"donationsPerWeek":0,"clanChestLevel":1,"clanChestMaxLevel":0,"members":48},{"tag":"#L9QURCJL","name":"The Resistance","type":"open","badgeId":16000146,"clanScore":3641,"clanWarTrophies":0,"location":{"id":57000021,"name":"Australia","isCountry":true,"countryCode":"AU"},"requiredTrophies":0,"donationsPerWeek":0,"clanChestLevel":1,"clanChestMaxLevel":0,"members":2},{"tag":"#L89QC88U","name":"The Resistance","type":"inviteOnly","badgeId":16000096,"clanScore":675,"clanWarTrophies":30,"location":{"id":57000006,"name":"International","isCountry":false},"requiredTrophies":0,"donationsPerWeek":0,"clanChestLevel":1,"clanChestMaxLevel":0,"members":1},{"tag":"#PJQQQJLC","name":"The Resistance","type":"open","badgeId":16000026,"clanScore":228,"clanWarTrophies":0,"location":{"id":57000006,"name":"International","isCountry":false},"requiredTrophies":0,"donationsPerWeek":0,"clanChestLevel":1,"clanChestMaxLevel":0,"members":1},{"tag":"#2GC8U2RJ","name":"The Resistance","type":"open","badgeId":16000029,"clanScore":26567,"clanWarTrophies":778,"location":{"id":57000153,"name":"Mexico","isCountry":true,"countryCode":"MX"},"requiredTrophies":1600,"donationsPerWeek":0,"clanChestLevel":1,"clanChestMaxLevel":0,"members":25},{"tag":"#YRQ89QUR","name":"The Resistance","type":"open","badgeId":16000163,"clanScore":13317,"clanWarTrophies":1242,"location":{"id":57000249,"name":"United States","isCountry":true,"countryCode":"US"},"requiredTrophies":2600,"donationsPerWeek":0,"clanChestLevel":1,"clanChestMaxLevel":0,"members":8},{"tag":"#UY88U","name":"The Resistance","type":"inviteOnly","badgeId":16000024,"clanScore":10619,"clanWarTrophies":342,"location":{"id":57000002,"name":"South America","isCountry":false},"requiredTrophies":200,"donationsPerWeek":0,"clanChestLevel":1,"clanChestMaxLevel":0,"members":13},{"tag":"#Q08JPVR9","name":"The Resistance","type":"open","badgeId":16000014,"clanScore":8022,"clanWarTrophies":265,"location":{"id":57000006,"name":"International","isCountry":false},"requiredTrophies":0,"donationsPerWeek":0,"clanChestLevel":1,"clanChestMaxLevel":0,"members":6},{"tag":"#PU2QQ82","name":"The Resistance","type":"open","badgeId":16000077,"clanScore":7576,"clanWarTrophies":90,"location":{"id":57000001,"name":"North America","isCountry":false},"requiredTrophies":0,"donationsPerWeek":0,"clanChestLevel":1,"clanChestMaxLevel":0,"members":5},{"tag":"#LLLUQ0Q","name":"The Resistance","type":"open","badgeId":16000010,"clanScore":4933,"clanWarTrophies":72,"location":{"id":57000001,"name":"North America","isCountry":false},"requiredTrophies":0,"donationsPerWeek":0,"clanChestLevel":1,"clanChestMaxLevel":0,"members":5},{"tag":"#YVR9UGR9","name":"The Resistance","type":"inviteOnly","badgeId":16000154,"clanScore":4788,"clanWarTrophies":60,"location":{"id":57000010,"name":"Algeria","isCountry":true,"countryCode":"DZ"},"requiredTrophies":0,"donationsPerWeek":0,"clanChestLevel":1,"clanChestMaxLevel":0,"members":3},{"tag":"#LRRL2QJU","name":"The Resistance","type":"inviteOnly","badgeId":16000002,"clanScore":2870,"clanWarTrophies":0,"location":{"id":57000002,"name":"South America","isCountry":false},"requiredTrophies":1000,"donationsPerWeek":0,"clanChestLevel":1,"clanChestMaxLevel":0,"members":3},{"tag":"#PCY2J88P","name... (set the log level to DEBUG or TRACE to see the full content) 
 </msg>
<msg timestamp="20210906 17:23:41.840" level="INFO">c:\users\alisson gustavo\appdata\local\programs\python\python36\lib\site-packages\urllib3\connectionpool.py:986: InsecureRequestWarning: Unverified HTTPS request is being made to host 'api.clashroyale.com'. Adding certificate verification is strongly advised. See: https://urllib3.readthedocs.io/en/latest/advanced-usage.html#ssl-warnings
  InsecureRequestWarning,</msg>
<msg timestamp="20210906 17:23:41.841" level="INFO">${RESPONSE} = &lt;Response [200]&gt;</msg>
<status status="PASS" starttime="20210906 17:23:40.630" endtime="20210906 17:23:41.841"/>
</kw>
<kw name="Log" library="BuiltIn">
<arg>${RESPONSE}</arg>
<doc>Logs the given message with the given level.</doc>
<msg timestamp="20210906 17:23:41.841" level="INFO">&lt;Response [200]&gt;</msg>
<status status="PASS" starttime="20210906 17:23:41.841" endtime="20210906 17:23:41.842"/>
</kw>
<status status="PASS" starttime="20210906 17:23:40.629" endtime="20210906 17:23:41.842"/>
</kw>
<kw name="Request Data The Resistance">
<kw name="Get On Session" library="RequestsLibrary">
<var>${RESPONSE}</var>
<arg>my_json</arg>
<arg>url=https://api.clashroyale.com/v1/clans?name=The%20Resistance</arg>
<arg>headers=${BEARER_TOKEN}</arg>
<doc>Sends a GET request on a previously created HTTP Session.</doc>
<msg timestamp="20210906 17:23:42.007" level="INFO">GET Request : url=https://api.clashroyale.com/v1/clans?name=The%20Resistance 
 path_url=/v1/clans?name=The%20Resistance 
 headers={'User-Agent': 'python-requests/2.25.1', 'Accept-Encoding': 'gzip, deflate', 'Accept': '*/*', 'Connection': 'keep-alive', 'Authorization': 'Bearer eyJ0eXAiOiJKV1QiLCJhbGciOiJIUzUxMiIsImtpZCI6IjI4YTMxOGY3LTAwMDAtYTFlYi03ZmExLTJjNzQzM2M2Y2NhNSJ9.eyJpc3MiOiJzdXBlcmNlbGwiLCJhdWQiOiJzdXBlcmNlbGw6Z2FtZWFwaSIsImp0aSI6ImI4NmI5Yjc2LTJkYzEtNDM1My1hOGM4LTkzOWQwNDlhOGJlYSIsImlhdCI6MTYzMDkzODQ4OCwic3ViIjoiZGV2ZWxvcGVyL2QxZDI5YjJlLTI1NzEtNDZkOS1hMjQzLTA2MTU1ZGE5MjcyOCIsInNjb3BlcyI6WyJyb3lhbGUiXSwibGltaXRzIjpbeyJ0aWVyIjoiZGV2ZWxvcGVyL3NpbHZlciIsInR5cGUiOiJ0aHJvdHRsaW5nIn0seyJjaWRycyI6WyIyMDEuMTgyLjE3NC4xMjMiXSwidHlwZSI6ImNsaWVudCJ9XX0.hi-wFVVbhjv0o9hpMDe1z7sF7PuafOaCu2vNqjpt4ARbKdJCDwHpGT8JNeM4zRgg0Iq6z-E8x6pejYY1S6ZlQA'} 
 body=None 
 </msg>
<msg timestamp="20210906 17:23:42.008" level="INFO">GET Response : url=https://api.clashroyale.com/v1/clans?name=The%20Resistance 
 status=200, reason=OK 
 headers={'Date': 'Mon, 06 Sep 2021 20:24:15 GMT', 'Content-Type': 'application/json; charset=utf-8', 'Transfer-Encoding': 'chunked', 'Connection': 'keep-alive', 'X-Content-Type-Options': 'nosniff', 'Strict-Transport-Security': 'max-age=43200', 'Cache-Control': 'max-age=60', 'Content-Encoding': 'gzip'} 
 body={"items":[{"tag":"#LP8PG0QC","name":"The resistance","type":"open","badgeId":16000028,"clanScore":50632,"clanWarTrophies":1472,"location":{"id":57000055,"name":"Chile","isCountry":true,"countryCode":"CL"},"requiredTrophies":3600,"donationsPerWeek":1646,"clanChestLevel":1,"clanChestMaxLevel":0,"members":50},{"tag":"#9V2YV8YJ","name":"The resistance","type":"open","badgeId":16000142,"clanScore":55618,"clanWarTrophies":3405,"location":{"id":57000038,"name":"Brazil","isCountry":true,"countryCode":"BR"},"requiredTrophies":5300,"donationsPerWeek":1860,"clanChestLevel":1,"clanChestMaxLevel":0,"members":47},{"tag":"#L809LLJ8","name":"The resistance","type":"inviteOnly","badgeId":16000142,"clanScore":53240,"clanWarTrophies":1950,"location":{"id":57000067,"name":"Cuba","isCountry":true,"countryCode":"CU"},"requiredTrophies":5300,"donationsPerWeek":1825,"clanChestLevel":1,"clanChestMaxLevel":0,"members":46},{"tag":"#P89Q90QU","name":"The Resistance","type":"open","badgeId":16000010,"clanScore":51599,"clanWarTrophies":1547,"location":{"id":57000249,"name":"United States","isCountry":true,"countryCode":"US"},"requiredTrophies":4000,"donationsPerWeek":972,"clanChestLevel":1,"clanChestMaxLevel":0,"members":44},{"tag":"#Y2RVVG9L","name":"The Resistance","type":"open","badgeId":16000006,"clanScore":2482,"clanWarTrophies":78,"location":{"id":57000248,"name":"United Kingdom","isCountry":true,"countryCode":"GB"},"requiredTrophies":1000,"donationsPerWeek":0,"clanChestLevel":1,"clanChestMaxLevel":0,"members":3},{"tag":"#PCR8R9RC","name":"The Resistance","type":"open","badgeId":16000077,"clanScore":32334,"clanWarTrophies":1161,"location":{"id":57000249,"name":"United States","isCountry":true,"countryCode":"US"},"requiredTrophies":4000,"donationsPerWeek":20,"clanChestLevel":1,"clanChestMaxLevel":0,"members":17},{"tag":"#QYRR08G0","name":"The Resistance","type":"open","badgeId":16000122,"clanScore":14900,"clanWarTrophies":0,"location":{"id":57000108,"name":"Heard &amp; McDonald Islands","isCountry":true,"countryCode":"HM"},"requiredTrophies":0,"donationsPerWeek":28,"clanChestLevel":1,"clanChestMaxLevel":0,"members":6},{"tag":"#9J0JL2QV","name":"The Resistance","type":"open","badgeId":16000163,"clanScore":51012,"clanWarTrophies":1680,"location":{"id":57000249,"name":"United States","isCountry":true,"countryCode":"US"},"requiredTrophies":3300,"donationsPerWeek":580,"clanChestLevel":1,"clanChestMaxLevel":0,"members":49},{"tag":"#QRP0Y0L0","name":"The Resistance","type":"open","badgeId":16000046,"clanScore":31856,"clanWarTrophies":155,"location":{"id":57000006,"name":"International","isCountry":false},"requiredTrophies":0,"donationsPerWeek":86,"clanChestLevel":1,"clanChestMaxLevel":0,"members":22},{"tag":"#29R8022J","name":"The Resistance","type":"open","badgeId":16000007,"clanScore":20714,"clanWarTrophies":1374,"location":{"id":57000249,"name":"United States","isCountry":true,"countryCode":"US"},"requiredTrophies":0,"donationsPerWeek":19,"clanChestLevel":1,"clanChestMaxLevel":0,"members":50},{"tag":"#L2000PUR","name":"The Resistance","type":"inviteOnly","badgeId":16000004,"clanScore":2041,"clanWarTrophies":0,"location":{"id":57000006,"name":"International","isCountry":false},"requiredTrophies":0,"donationsPerWeek":10,"clanChestLevel":1,"clanChestMaxLevel":0,"members":3},{"tag":"#8P22YL0V","name":"The Resistance","type":"open","badgeId":16000163,"clanScore":21352,"clanWarTrophies":1036,"location":{"id":57000102,"name":"Guatemala","isCountry":true,"countryCode":"GT"},"requiredTrophies":2300,"donationsPerWeek":10,"clanChestLevel":1,"clanChestMaxLevel":0,"members":11},{"tag":"#JJQVV0","name":"The Resistance","type":"inviteOnly","badgeId":16000029,"clanScore":20078,"clanWarTrophies":886,"location":{"id":57000249,"name":"United States","isCountry":true,"countryCode":"US"},"requiredTrophies":300,"donationsPerWeek":68,"clanChestLevel":1,"clanChestMaxLevel":0,"members":10},{"tag":"#Y9VUV2UY","name":"ThE Resistance","type":"open","badgeId":16000024,"clanScore":15665,"clanWarTrophies":352,"location":{"id":57000006,"name":"International","isCountry":false},"requiredTrophies":0,"donationsPerWeek":0,"clanChestLevel":1,"clanChestMaxLevel":0,"members":10},{"tag":"#P9Y0G20","name":"the Resistance","type":"open","badgeId":16000003,"clanScore":9087,"clanWarTrophies":110,"location":{"id":57000001,"name":"North America","isCountry":false},"requiredTrophies":600,"donationsPerWeek":0,"clanChestLevel":1,"clanChestMaxLevel":0,"members":9},{"tag":"#J0JVP","name":"The Resistance","type":"open","badgeId":16000028,"clanScore":50406,"clanWarTrophies":2800,"location":{"id":57000001,"name":"North America","isCountry":false},"requiredTrophies":4000,"donationsPerWeek":410,"clanChestLevel":1,"clanChestMaxLevel":0,"members":37},{"tag":"#20YV20CR","name":"The resistance","type":"open","badgeId":16000139,"clanScore":49982,"clanWarTrophies":1560,"location":{"id":57000047,"name":"Canada","isCountry":true,"countryCode":"CA"},"requiredTrophies":2300,"donationsPerWeek":671,"clanChestLevel":1,"clanChestMaxLevel":0,"members":50},{"tag":"#8VQRUGYU","name":"the resistance","type":"open","badgeId":16000061,"clanScore":20370,"clanWarTrophies":604,"location":{"id":57000248,"name":"United Kingdom","isCountry":true,"countryCode":"GB"},"requiredTrophies":0,"donationsPerWeek":142,"clanChestLevel":1,"clanChestMaxLevel":0,"members":50},{"tag":"#2R0JJVRP","name":"The Resistance","type":"open","badgeId":16000093,"clanScore":49359,"clanWarTrophies":1380,"location":{"id":57000248,"name":"United Kingdom","isCountry":true,"countryCode":"GB"},"requiredTrophies":4600,"donationsPerWeek":610,"clanChestLevel":1,"clanChestMaxLevel":0,"members":42},{"tag":"#8Y9Q9CL","name":"The Resistance","type":"inviteOnly","badgeId":16000029,"clanScore":11127,"clanWarTrophies":265,"location":{"id":57000001,"name":"North America","isCountry":false},"requiredTrophies":0,"donationsPerWeek":0,"clanChestLevel":1,"clanChestMaxLevel":0,"members":10},{"tag":"#9V0R2VV","name":"The Resistance","type":"inviteOnly","badgeId":16000003,"clanScore":11044,"clanWarTrophies":98,"location":{"id":57000249,"name":"United States","isCountry":true,"countryCode":"US"},"requiredTrophies":0,"donationsPerWeek":0,"clanChestLevel":1,"clanChestMaxLevel":0,"members":22},{"tag":"#L0LVR8","name":"The Resistance","type":"open","badgeId":16000044,"clanScore":10861,"clanWarTrophies":301,"location":{"id":57000176,"name":"Norway","isCountry":true,"countryCode":"NO"},"requiredTrophies":800,"donationsPerWeek":0,"clanChestLevel":1,"clanChestMaxLevel":0,"members":30},{"tag":"#90UVQ2QL","name":"the resistance","type":"open","badgeId":16000058,"clanScore":7411,"clanWarTrophies":625,"location":{"id":57000038,"name":"Brazil","isCountry":true,"countryCode":"BR"},"requiredTrophies":0,"donationsPerWeek":0,"clanChestLevel":1,"clanChestMaxLevel":0,"members":48},{"tag":"#L9QURCJL","name":"The Resistance","type":"open","badgeId":16000146,"clanScore":3641,"clanWarTrophies":0,"location":{"id":57000021,"name":"Australia","isCountry":true,"countryCode":"AU"},"requiredTrophies":0,"donationsPerWeek":0,"clanChestLevel":1,"clanChestMaxLevel":0,"members":2},{"tag":"#L89QC88U","name":"The Resistance","type":"inviteOnly","badgeId":16000096,"clanScore":675,"clanWarTrophies":30,"location":{"id":57000006,"name":"International","isCountry":false},"requiredTrophies":0,"donationsPerWeek":0,"clanChestLevel":1,"clanChestMaxLevel":0,"members":1},{"tag":"#PJQQQJLC","name":"The Resistance","type":"open","badgeId":16000026,"clanScore":228,"clanWarTrophies":0,"location":{"id":57000006,"name":"International","isCountry":false},"requiredTrophies":0,"donationsPerWeek":0,"clanChestLevel":1,"clanChestMaxLevel":0,"members":1},{"tag":"#2GC8U2RJ","name":"The Resistance","type":"open","badgeId":16000029,"clanScore":26567,"clanWarTrophies":778,"location":{"id":57000153,"name":"Mexico","isCountry":true,"countryCode":"MX"},"requiredTrophies":1600,"donationsPerWeek":0,"clanChestLevel":1,"clanChestMaxLevel":0,"members":25},{"tag":"#YRQ89QUR","name":"The Resistance","type":"open","badgeId":16000163,"clanScore":13317,"clanWarTrophies":1242,"location":{"id":57000249,"name":"United States","isCountry":true,"countryCode":"US"},"requiredTrophies":2600,"donationsPerWeek":0,"clanChestLevel":1,"clanChestMaxLevel":0,"members":8},{"tag":"#UY88U","name":"The Resistance","type":"inviteOnly","badgeId":16000024,"clanScore":10619,"clanWarTrophies":342,"location":{"id":57000002,"name":"South America","isCountry":false},"requiredTrophies":200,"donationsPerWeek":0,"clanChestLevel":1,"clanChestMaxLevel":0,"members":13},{"tag":"#Q08JPVR9","name":"The Resistance","type":"open","badgeId":16000014,"clanScore":8022,"clanWarTrophies":265,"location":{"id":57000006,"name":"International","isCountry":false},"requiredTrophies":0,"donationsPerWeek":0,"clanChestLevel":1,"clanChestMaxLevel":0,"members":6},{"tag":"#PU2QQ82","name":"The Resistance","type":"open","badgeId":16000077,"clanScore":7576,"clanWarTrophies":90,"location":{"id":57000001,"name":"North America","isCountry":false},"requiredTrophies":0,"donationsPerWeek":0,"clanChestLevel":1,"clanChestMaxLevel":0,"members":5},{"tag":"#LLLUQ0Q","name":"The Resistance","type":"open","badgeId":16000010,"clanScore":4933,"clanWarTrophies":72,"location":{"id":57000001,"name":"North America","isCountry":false},"requiredTrophies":0,"donationsPerWeek":0,"clanChestLevel":1,"clanChestMaxLevel":0,"members":5},{"tag":"#YVR9UGR9","name":"The Resistance","type":"inviteOnly","badgeId":16000154,"clanScore":4788,"clanWarTrophies":60,"location":{"id":57000010,"name":"Algeria","isCountry":true,"countryCode":"DZ"},"requiredTrophies":0,"donationsPerWeek":0,"clanChestLevel":1,"clanChestMaxLevel":0,"members":3},{"tag":"#LRRL2QJU","name":"The Resistance","type":"inviteOnly","badgeId":16000002,"clanScore":2870,"clanWarTrophies":0,"location":{"id":57000002,"name":"South America","isCountry":false},"requiredTrophies":1000,"donationsPerWeek":0,"clanChestLevel":1,"clanChestMaxLevel":0,"members":3},{"tag":"#PCY2J88P","name... (set the log level to DEBUG or TRACE to see the full content) 
 </msg>
<msg timestamp="20210906 17:23:42.008" level="INFO">c:\users\alisson gustavo\appdata\local\programs\python\python36\lib\site-packages\urllib3\connectionpool.py:986: InsecureRequestWarning: Unverified HTTPS request is being made to host 'api.clashroyale.com'. Adding certificate verification is strongly advised. See: https://urllib3.readthedocs.io/en/latest/advanced-usage.html#ssl-warnings
  InsecureRequestWarning,</msg>
<msg timestamp="20210906 17:23:42.008" level="INFO">${RESPONSE} = &lt;Response [200]&gt;</msg>
<status status="PASS" starttime="20210906 17:23:41.843" endtime="20210906 17:23:42.008"/>
</kw>
<kw name="Evaluate" library="BuiltIn">
<var>${VAR_DICT}</var>
<arg>json.loads("""${response.content}""")</arg>
<arg>json</arg>
<doc>Evaluates the given expression in Python and returns the result.</doc>
<msg timestamp="20210906 17:23:42.043" level="INFO">${VAR_DICT} = {'items': [{'tag': '#LP8PG0QC', 'name': 'The resistance', 'type': 'open', 'badgeId': 16000028, 'clanScore': 50632, 'clanWarTrophies': 1472, 'location': {'id': 57000055, 'name': 'Chile', 'isCountry': T...</msg>
<status status="PASS" starttime="20210906 17:23:42.009" endtime="20210906 17:23:42.044"/>
</kw>
<kw name="Set Variable" library="BuiltIn">
<var>${VAR_TAG}</var>
<arg>${VAR_DICT}[items][1]</arg>
<doc>Returns the given values which can then be assigned to a variables.</doc>
<msg timestamp="20210906 17:23:42.044" level="INFO">${VAR_TAG} = {'tag': '#9V2YV8YJ', 'name': 'The resistance', 'type': 'open', 'badgeId': 16000142, 'clanScore': 55618, 'clanWarTrophies': 3405, 'location': {'id': 57000038, 'name': 'Brazil', 'isCountry': True, 'coun...</msg>
<status status="PASS" starttime="20210906 17:23:42.044" endtime="20210906 17:23:42.044"/>
</kw>
<kw name="Log" library="BuiltIn">
<arg>${VAR_TAG}</arg>
<doc>Logs the given message with the given level.</doc>
<msg timestamp="20210906 17:23:42.044" level="INFO">{'tag': '#9V2YV8YJ', 'name': 'The resistance', 'type': 'open', 'badgeId': 16000142, 'clanScore': 55618, 'clanWarTrophies': 3405, 'location': {'id': 57000038, 'name': 'Brazil', 'isCountry': True, 'countryCode': 'BR'}, 'requiredTrophies': 5300, 'donationsPerWeek': 1860, 'clanChestLevel': 1, 'clanChestMaxLevel': 0, 'members': 47}</msg>
<status status="PASS" starttime="20210906 17:23:42.044" endtime="20210906 17:23:42.044"/>
</kw>
<status status="PASS" starttime="20210906 17:23:41.842" endtime="20210906 17:23:42.044"/>
</kw>
<status status="PASS" starttime="20210906 17:23:40.628" endtime="20210906 17:23:42.044"/>
</test>
<status status="PASS" starttime="20210906 17:23:40.488" endtime="20210906 17:23:42.046"/>
</suite>
<statistics>
<total>
<stat pass="1" fail="0" skip="0">All Tests</stat>
</total>
<tag>
</tag>
<suite>
<stat pass="1" fail="0" skip="0" id="s1" name="BearerAythenticationClash">BearerAythenticationClash</stat>
</suite>
</statistics>
<errors>
</errors>
</robot>
