<?xml version="1.0" encoding="UTF-8"?>
<robot generator="Robot 4.1 (Python 3.6.5 on win32)" generated="20210908 01:34:26.504" rpa="false" schemaversion="2">
<suite id="s1" name="BearerAuthenticationClash" source="C:\Users\Alisson Gustavo\Documents\project-clashroyale-primecontrol\api\BearerAuthenticationClash.robot">
<test id="s1-t1" name="BearerAuthTest">
<kw name="Connect with authentication in API ClashRoyale">
<kw name="Create Session" library="RequestsLibrary">
<arg>session</arg>
<arg>${URL_BASE}</arg>
<arg>disable_warnings=1</arg>
<doc>Create Session: create a HTTP session to a server</doc>
<msg timestamp="20210908 01:34:26.648" level="INFO">Creating Session using : alias=session, url=https://api.clashroyale.com/v1, headers={},                     cookies={}, auth=None, timeout=None, proxies=None, verify=False,                     debug=0 </msg>
<status status="PASS" starttime="20210908 01:34:26.647" endtime="20210908 01:34:26.648"/>
</kw>
<kw name="Log" library="BuiltIn">
<arg>${BEARER_TOKEN}</arg>
<doc>Logs the given message with the given level.</doc>
<msg timestamp="20210908 01:34:26.648" level="INFO">{'Authorization': 'Bearer eyJ0eXAiOiJKV1QiLCJhbGciOiJIUzUxMiIsImtpZCI6IjI4YTMxOGY3LTAwMDAtYTFlYi03ZmExLTJjNzQzM2M2Y2NhNSJ9.eyJpc3MiOiJzdXBlcmNlbGwiLCJhdWQiOiJzdXBlcmNlbGw6Z2FtZWFwaSIsImp0aSI6IjlhNGM1ZjVmLTJkYzUtNDc4Mi1hNzdlLTgwZWJlMWYxMGMzZiIsImlhdCI6MTYzMDk2MDQ0Mywic3ViIjoiZGV2ZWxvcGVyL2QxZDI5YjJlLTI1NzEtNDZkOS1hMjQzLTA2MTU1ZGE5MjcyOCIsInNjb3BlcyI6WyJyb3lhbGUiXSwibGltaXRzIjpbeyJ0aWVyIjoiZGV2ZWxvcGVyL3NpbHZlciIsInR5cGUiOiJ0aHJvdHRsaW5nIn0seyJjaWRycyI6WyIyMDEuMTgyLjE3NC4xMjMiXSwidHlwZSI6ImNsaWVudCJ9XX0.1CipTJy-FnD04pWcpr56Pdt6J7h5mkogmgzGU4aZmHizVMDaSDDW6tLxWaR30kKyGx2LCHGjVrv76FlqQotz_A'}</msg>
<status status="PASS" starttime="20210908 01:34:26.648" endtime="20210908 01:34:26.648"/>
</kw>
<status status="PASS" starttime="20210908 01:34:26.647" endtime="20210908 01:34:26.648"/>
</kw>
<kw name="Request Data The Resistance">
<kw name="Set Variable" library="BuiltIn">
<var>${ENDPOINT}</var>
<arg>/clans?name=The%20Resistance</arg>
<doc>Returns the given values which can then be assigned to a variables.</doc>
<msg timestamp="20210908 01:34:26.649" level="INFO">${ENDPOINT} = /clans?name=The%20Resistance</msg>
<status status="PASS" starttime="20210908 01:34:26.649" endtime="20210908 01:34:26.649"/>
</kw>
<kw name="Get On Session" library="RequestsLibrary">
<var>${RESPONSE}</var>
<arg>session</arg>
<arg>${ENDPOINT}</arg>
<arg>headers=${BEARER_TOKEN}</arg>
<doc>Sends a GET request on a previously created HTTP Session.</doc>
<msg timestamp="20210908 01:34:27.775" level="INFO">GET Request : url=https://api.clashroyale.com/v1/clans?name=The%20Resistance 
 path_url=/v1/clans?name=The%20Resistance 
 headers={'User-Agent': 'python-requests/2.25.1', 'Accept-Encoding': 'gzip, deflate', 'Accept': '*/*', 'Connection': 'keep-alive', 'Authorization': 'Bearer eyJ0eXAiOiJKV1QiLCJhbGciOiJIUzUxMiIsImtpZCI6IjI4YTMxOGY3LTAwMDAtYTFlYi03ZmExLTJjNzQzM2M2Y2NhNSJ9.eyJpc3MiOiJzdXBlcmNlbGwiLCJhdWQiOiJzdXBlcmNlbGw6Z2FtZWFwaSIsImp0aSI6IjlhNGM1ZjVmLTJkYzUtNDc4Mi1hNzdlLTgwZWJlMWYxMGMzZiIsImlhdCI6MTYzMDk2MDQ0Mywic3ViIjoiZGV2ZWxvcGVyL2QxZDI5YjJlLTI1NzEtNDZkOS1hMjQzLTA2MTU1ZGE5MjcyOCIsInNjb3BlcyI6WyJyb3lhbGUiXSwibGltaXRzIjpbeyJ0aWVyIjoiZGV2ZWxvcGVyL3NpbHZlciIsInR5cGUiOiJ0aHJvdHRsaW5nIn0seyJjaWRycyI6WyIyMDEuMTgyLjE3NC4xMjMiXSwidHlwZSI6ImNsaWVudCJ9XX0.1CipTJy-FnD04pWcpr56Pdt6J7h5mkogmgzGU4aZmHizVMDaSDDW6tLxWaR30kKyGx2LCHGjVrv76FlqQotz_A'} 
 body=None 
 </msg>
<msg timestamp="20210908 01:34:27.776" level="INFO">GET Response : url=https://api.clashroyale.com/v1/clans?name=The%20Resistance 
 status=200, reason=OK 
 headers={'Date': 'Wed, 08 Sep 2021 04:35:03 GMT', 'Content-Type': 'application/json; charset=utf-8', 'Transfer-Encoding': 'chunked', 'Connection': 'keep-alive', 'X-Content-Type-Options': 'nosniff', 'Strict-Transport-Security': 'max-age=43200', 'Cache-Control': 'max-age=60', 'Content-Encoding': 'gzip'} 
 body={"items":[{"tag":"#9J0JL2QV","name":"The Resistance","type":"open","badgeId":16000163,"clanScore":51668,"clanWarTrophies":1680,"location":{"id":57000249,"name":"United States","isCountry":true,"countryCode":"US"},"requiredTrophies":3300,"donationsPerWeek":1540,"clanChestLevel":1,"clanChestMaxLevel":0,"members":49},{"tag":"#9V2YV8YJ","name":"The resistance","type":"open","badgeId":16000142,"clanScore":56282,"clanWarTrophies":3405,"location":{"id":57000038,"name":"Brazil","isCountry":true,"countryCode":"BR"},"requiredTrophies":5300,"donationsPerWeek":5592,"clanChestLevel":1,"clanChestMaxLevel":0,"members":49},{"tag":"#LP8PG0QC","name":"The resistance","type":"open","badgeId":16000028,"clanScore":50760,"clanWarTrophies":1472,"location":{"id":57000055,"name":"Chile","isCountry":true,"countryCode":"CL"},"requiredTrophies":3600,"donationsPerWeek":4672,"clanChestLevel":1,"clanChestMaxLevel":0,"members":50},{"tag":"#L8YP09C9","name":"The Resistance","type":"open","badgeId":16000107,"clanScore":16491,"clanWarTrophies":0,"location":{"id":57000006,"name":"International","isCountry":false},"requiredTrophies":0,"donationsPerWeek":56,"clanChestLevel":1,"clanChestMaxLevel":0,"members":8},{"tag":"#L809LLJ8","name":"The resistance","type":"inviteOnly","badgeId":16000142,"clanScore":54050,"clanWarTrophies":1950,"location":{"id":57000067,"name":"Cuba","isCountry":true,"countryCode":"CU"},"requiredTrophies":5300,"donationsPerWeek":5230,"clanChestLevel":1,"clanChestMaxLevel":0,"members":47},{"tag":"#P89Q90QU","name":"The Resistance","type":"open","badgeId":16000010,"clanScore":51734,"clanWarTrophies":1547,"location":{"id":57000249,"name":"United States","isCountry":true,"countryCode":"US"},"requiredTrophies":4000,"donationsPerWeek":2544,"clanChestLevel":1,"clanChestMaxLevel":0,"members":44},{"tag":"#J0JVP","name":"The Resistance","type":"open","badgeId":16000028,"clanScore":50826,"clanWarTrophies":2800,"location":{"id":57000001,"name":"North America","isCountry":false},"requiredTrophies":4000,"donationsPerWeek":980,"clanChestLevel":1,"clanChestMaxLevel":0,"members":37},{"tag":"#20YV20CR","name":"The resistance","type":"open","badgeId":16000139,"clanScore":50587,"clanWarTrophies":1560,"location":{"id":57000047,"name":"Canada","isCountry":true,"countryCode":"CA"},"requiredTrophies":2300,"donationsPerWeek":2112,"clanChestLevel":1,"clanChestMaxLevel":0,"members":50},{"tag":"#Y2RVVG9L","name":"The Resistance","type":"open","badgeId":16000006,"clanScore":2482,"clanWarTrophies":78,"location":{"id":57000248,"name":"United Kingdom","isCountry":true,"countryCode":"GB"},"requiredTrophies":1000,"donationsPerWeek":0,"clanChestLevel":1,"clanChestMaxLevel":0,"members":3},{"tag":"#QRP0Y0L0","name":"The Resistance","type":"open","badgeId":16000046,"clanScore":31931,"clanWarTrophies":155,"location":{"id":57000006,"name":"International","isCountry":false},"requiredTrophies":0,"donationsPerWeek":258,"clanChestLevel":1,"clanChestMaxLevel":0,"members":22},{"tag":"#Y9VUV2UY","name":"ThE Resistance","type":"open","badgeId":16000024,"clanScore":15658,"clanWarTrophies":352,"location":{"id":57000006,"name":"International","isCountry":false},"requiredTrophies":0,"donationsPerWeek":10,"clanChestLevel":1,"clanChestMaxLevel":0,"members":11},{"tag":"#PCR8R9RC","name":"The Resistance","type":"open","badgeId":16000077,"clanScore":32429,"clanWarTrophies":1161,"location":{"id":57000249,"name":"United States","isCountry":true,"countryCode":"US"},"requiredTrophies":4000,"donationsPerWeek":96,"clanChestLevel":1,"clanChestMaxLevel":0,"members":17},{"tag":"#QYRR08G0","name":"The Resistance","type":"open","badgeId":16000122,"clanScore":14900,"clanWarTrophies":0,"location":{"id":57000108,"name":"Heard &amp; McDonald Islands","isCountry":true,"countryCode":"HM"},"requiredTrophies":0,"donationsPerWeek":28,"clanChestLevel":1,"clanChestMaxLevel":0,"members":6},{"tag":"#29R8022J","name":"The Resistance","type":"open","badgeId":16000007,"clanScore":20719,"clanWarTrophies":1374,"location":{"id":57000249,"name":"United States","isCountry":true,"countryCode":"US"},"requiredTrophies":0,"donationsPerWeek":51,"clanChestLevel":1,"clanChestMaxLevel":0,"members":50},{"tag":"#2R2Q20Y","name":"The Resistance","type":"open","badgeId":16000164,"clanScore":12649,"clanWarTrophies":212,"location":{"id":57000249,"name":"United States","isCountry":true,"countryCode":"US"},"requiredTrophies":0,"donationsPerWeek":10,"clanChestLevel":1,"clanChestMaxLevel":0,"members":6},{"tag":"#L2000PUR","name":"The Resistance","type":"inviteOnly","badgeId":16000004,"clanScore":2101,"clanWarTrophies":0,"location":{"id":57000006,"name":"International","isCountry":false},"requiredTrophies":0,"donationsPerWeek":30,"clanChestLevel":1,"clanChestMaxLevel":0,"members":3},{"tag":"#8P22YL0V","name":"The Resistance","type":"open","badgeId":16000163,"clanScore":21433,"clanWarTrophies":1036,"location":{"id":57000102,"name":"Guatemala","isCountry":true,"countryCode":"GT"},"requiredTrophies":2300,"donationsPerWeek":20,"clanChestLevel":1,"clanChestMaxLevel":0,"members":11},{"tag":"#JJQVV0","name":"The Resistance","type":"inviteOnly","badgeId":16000029,"clanScore":20520,"clanWarTrophies":886,"location":{"id":57000249,"name":"United States","isCountry":true,"countryCode":"US"},"requiredTrophies":300,"donationsPerWeek":172,"clanChestLevel":1,"clanChestMaxLevel":0,"members":10},{"tag":"#8VQRUGYU","name":"the resistance","type":"open","badgeId":16000061,"clanScore":16618,"clanWarTrophies":604,"location":{"id":57000248,"name":"United Kingdom","isCountry":true,"countryCode":"GB"},"requiredTrophies":1000,"donationsPerWeek":318,"clanChestLevel":1,"clanChestMaxLevel":0,"members":16},{"tag":"#P9Y0G20","name":"the Resistance","type":"open","badgeId":16000003,"clanScore":9131,"clanWarTrophies":110,"location":{"id":57000001,"name":"North America","isCountry":false},"requiredTrophies":600,"donationsPerWeek":0,"clanChestLevel":1,"clanChestMaxLevel":0,"members":9},{"tag":"#2R0JJVRP","name":"The Resistance","type":"open","badgeId":16000093,"clanScore":49445,"clanWarTrophies":1380,"location":{"id":57000248,"name":"United Kingdom","isCountry":true,"countryCode":"GB"},"requiredTrophies":4600,"donationsPerWeek":1170,"clanChestLevel":1,"clanChestMaxLevel":0,"members":42},{"tag":"#2GC8U2RJ","name":"The Resistance","type":"open","badgeId":16000029,"clanScore":26567,"clanWarTrophies":778,"location":{"id":57000153,"name":"Mexico","isCountry":true,"countryCode":"MX"},"requiredTrophies":1600,"donationsPerWeek":0,"clanChestLevel":1,"clanChestMaxLevel":0,"members":25},{"tag":"#YRQ89QUR","name":"The Resistance","type":"open","badgeId":16000163,"clanScore":13317,"clanWarTrophies":1242,"location":{"id":57000249,"name":"United States","isCountry":true,"countryCode":"US"},"requiredTrophies":2600,"donationsPerWeek":0,"clanChestLevel":1,"clanChestMaxLevel":0,"members":8},{"tag":"#UY88U","name":"The Resistance","type":"inviteOnly","badgeId":16000024,"clanScore":10619,"clanWarTrophies":342,"location":{"id":57000002,"name":"South America","isCountry":false},"requiredTrophies":200,"donationsPerWeek":0,"clanChestLevel":1,"clanChestMaxLevel":0,"members":13},{"tag":"#Q08JPVR9","name":"The Resistance","type":"open","badgeId":16000014,"clanScore":8022,"clanWarTrophies":265,"location":{"id":57000006,"name":"International","isCountry":false},"requiredTrophies":0,"donationsPerWeek":0,"clanChestLevel":1,"clanChestMaxLevel":0,"members":6},{"tag":"#PU2QQ82","name":"The Resistance","type":"open","badgeId":16000077,"clanScore":7576,"clanWarTrophies":90,"location":{"id":57000001,"name":"North America","isCountry":false},"requiredTrophies":0,"donationsPerWeek":0,"clanChestLevel":1,"clanChestMaxLevel":0,"members":5},{"tag":"#LLLUQ0Q","name":"The Resistance","type":"open","badgeId":16000010,"clanScore":4933,"clanWarTrophies":72,"location":{"id":57000001,"name":"North America","isCountry":false},"requiredTrophies":0,"donationsPerWeek":0,"clanChestLevel":1,"clanChestMaxLevel":0,"members":5},{"tag":"#YVR9UGR9","name":"The Resistance","type":"inviteOnly","badgeId":16000154,"clanScore":4788,"clanWarTrophies":60,"location":{"id":57000010,"name":"Algeria","isCountry":true,"countryCode":"DZ"},"requiredTrophies":0,"donationsPerWeek":0,"clanChestLevel":1,"clanChestMaxLevel":0,"members":3},{"tag":"#LRRL2QJU","name":"The Resistance","type":"inviteOnly","badgeId":16000002,"clanScore":2870,"clanWarTrophies":0,"location":{"id":57000002,"name":"South America","isCountry":false},"requiredTrophies":1000,"donationsPerWeek":0,"clanChestLevel":1,"clanChestMaxLevel":0,"members":3},{"tag":"#PCY2J88P","name":"The Resistance","type":"open","badgeId":16000121,"clanScore":2112,"clanWarTrophies":104,"location":{"id":57000047,"name":"Canada","isCountry":true,"countryCode":"CA"},"requiredTrophies":0,"donationsPerWeek":0,"clanChestLevel":1,"clanChestMaxLevel":0,"members":1},{"tag":"#LYP898JQ","name":"The Resistance","type":"open","badgeId":16000002,"clanScore":347,"clanWarTrophies":166,"location":{"id":57000006,"name":"International","isCountry":false},"requiredTrophies":0,"donationsPerWeek":0,"clanChestLevel":1,"clanChestMaxLevel":0,"members":3},{"tag":"#9P99VGR","name":"The Resistance","type":"inviteOnly","badgeId":16000061,"clanScore":10702,"clanWarTrophies":290,"location":{"id":57000001,"name":"North America","isCountry":false},"requiredTrophies":0,"donationsPerWeek":8,"clanChestLevel":1,"clanChestMaxLevel":0,"members":10},{"tag":"#PYG082VG","name":"The Resistance","type":"open","badgeId":16000137,"clanScore":4498,"clanWarTrophies":78,"location":{"id":57000006,"name":"International","isCountry":false},"requiredTrophies":0,"donationsPerWeek":0,"clanChestLevel":1,"clanChestMaxLevel":0,"members":4},{"tag":"#PQRYYC98","name":"The Resistance","type":"open","badgeId":16000024,"clanScore":3535,"clanWarTrophies":140,"location":{"id":57000006,"name":"International","isCountry":false},"requiredTrophies":0,"donationsPerWeek":0,"clanChestLevel":1,"clanChestMaxLevel":0,"members":3},{"tag":"#Y8Q8PQC2","name":"The Resistance","type... (set the log level to DEBUG or TRACE to see the full content) 
 </msg>
<msg timestamp="20210908 01:34:27.776" level="INFO">${RESPONSE} = &lt;Response [200]&gt;</msg>
<status status="PASS" starttime="20210908 01:34:26.649" endtime="20210908 01:34:27.776"/>
</kw>
<kw name="Log" library="BuiltIn">
<arg>${RESPONSE}</arg>
<doc>Logs the given message with the given level.</doc>
<msg timestamp="20210908 01:34:27.777" level="INFO">&lt;Response [200]&gt;</msg>
<status status="PASS" starttime="20210908 01:34:27.776" endtime="20210908 01:34:27.777"/>
</kw>
<kw name="Evaluate" library="BuiltIn">
<var>${DATA}</var>
<arg>json.loads("""${response.content}""")</arg>
<arg>json</arg>
<doc>Evaluates the given expression in Python and returns the result.</doc>
<msg timestamp="20210908 01:34:27.812" level="INFO">${DATA} = {'items': [{'tag': '#9J0JL2QV', 'name': 'The Resistance', 'type': 'open', 'badgeId': 16000163, 'clanScore': 51668, 'clanWarTrophies': 1680, 'location': {'id': 57000249, 'name': 'United States', 'isCou...</msg>
<status status="PASS" starttime="20210908 01:34:27.777" endtime="20210908 01:34:27.812"/>
</kw>
<for flavor="IN">
<var>${I}</var>
<value>@{DATA}[items]</value>
<iter>
<var name="${I}">{'tag': '#9J0JL2QV', 'name': 'The Resistance', 'type': 'open', 'badgeId': 16000163, 'clanScore': 51668, 'clanWarTrophies': 1680, 'location': {'id': 57000249, 'name': 'United States', 'isCountry': True...</var>
<if>
<branch type="IF" condition="&quot;${I}['name']&quot; ==&quot;The Resistance&quot;">
<msg timestamp="20210908 01:34:27.813" level="FAIL">Dictionary '${I}' has no key ''name''.</msg>
<status status="FAIL" starttime="20210908 01:34:27.813" endtime="20210908 01:34:27.813"/>
</branch>
<status status="FAIL" starttime="20210908 01:34:27.813" endtime="20210908 01:34:27.813"/>
</if>
<status status="FAIL" starttime="20210908 01:34:27.813" endtime="20210908 01:34:27.813"/>
</iter>
<status status="FAIL" starttime="20210908 01:34:27.812" endtime="20210908 01:34:27.813"/>
</for>
<status status="FAIL" starttime="20210908 01:34:26.648" endtime="20210908 01:34:27.813"/>
</kw>
<kw name="Request Members Of Clan">
<status status="NOT RUN" starttime="20210908 01:34:27.814" endtime="20210908 01:34:27.814"/>
</kw>
<status status="FAIL" starttime="20210908 01:34:26.646" endtime="20210908 01:34:27.815">Dictionary '${I}' has no key ''name''.</status>
</test>
<status status="FAIL" starttime="20210908 01:34:26.506" endtime="20210908 01:34:27.817"/>
</suite>
<statistics>
<total>
<stat pass="0" fail="1" skip="0">All Tests</stat>
</total>
<tag>
</tag>
<suite>
<stat pass="0" fail="1" skip="0" id="s1" name="BearerAuthenticationClash">BearerAuthenticationClash</stat>
</suite>
</statistics>
<errors>
</errors>
</robot>
